This is pdfTeX, Version 3.141592653-2.6-1.40.22 (TeX Live 2021) (preloaded format=latex 2021.9.22)  26 SEP 2021 12:30
entering extended mode
 restricted \write18 enabled.
 %&-line parsing enabled.
**latex_raw.TeX
(./latex_raw.TeX
LaTeX2e <2020-10-01> patch level 4
L3 programming layer <2021-02-18>
(/usr/local/texlive/2021/texmf-dist/tex/latex/base/article.cls
Document Class: article 2020/04/10 v1.4m Standard LaTeX document class
(/usr/local/texlive/2021/texmf-dist/tex/latex/base/size12.clo
File: size12.clo 2020/04/10 v1.4m Standard LaTeX file (size option)
)
\c@part=\count179
\c@section=\count180
\c@subsection=\count181
\c@subsubsection=\count182
\c@paragraph=\count183
\c@subparagraph=\count184
\c@figure=\count185
\c@table=\count186
\abovecaptionskip=\skip47
\belowcaptionskip=\skip48
\bibindent=\dimen138
)
(/usr/local/texlive/2021/texmf-dist/tex/latex/tree-dvips/lingmacros.sty
\c@enums=\count187
\widelabel=\dimen139
\c@tempcnt=\count188
\c@enumsi=\count189
\eeindent=\dimen140
)
(/usr/local/texlive/2021/texmf-dist/tex/latex/tree-dvips/tree-dvips.sty
tree-dvips version .91 of May 16, 1995
\nodemargin=\dimen141
\treelinewidth=\dimen142
\dashlength=\dimen143
\arrowwidth=\dimen144
\arrowlength=\dimen145
\arrowinset=\dimen146
\pos@t=\toks15
\pos@b=\toks16
\pos@l=\toks17
\pos@r=\toks18
\pos@tl=\toks19
\pos@tr=\toks20
\pos@bl=\toks21
\pos@br=\toks22
\@arrow=\count190
\@tempdimc=\dimen147
) (/usr/local/texlive/2021/texmf-dist/tex/latex/l3backend/l3backend-dvips.def
File: l3backend-dvips.def 2021-03-18 L3 backend support: dvips
\l__pdf_internal_box=\box47
\g__pdf_backend_object_int=\count191
\l__pdf_backend_content_box=\box48
\l__pdf_backend_model_box=\box49
\g__pdf_backend_annotation_int=\count192
\g__pdf_backend_link_int=\count193
\g__pdf_backend_link_sf_int=\count194
)
(./latex_raw.aux)
\openout1 = `latex_raw.aux'.

LaTeX Font Info:    Checking defaults for OML/cmm/m/it on input line 4.
LaTeX Font Info:    ... okay on input line 4.
LaTeX Font Info:    Checking defaults for OMS/cmsy/m/n on input line 4.
LaTeX Font Info:    ... okay on input line 4.
LaTeX Font Info:    Checking defaults for OT1/cmr/m/n on input line 4.
LaTeX Font Info:    ... okay on input line 4.
LaTeX Font Info:    Checking defaults for T1/cmr/m/n on input line 4.
LaTeX Font Info:    ... okay on input line 4.
LaTeX Font Info:    Checking defaults for TS1/cmr/m/n on input line 4.
LaTeX Font Info:    ... okay on input line 4.
LaTeX Font Info:    Checking defaults for OMX/cmex/m/n on input line 4.
LaTeX Font Info:    ... okay on input line 4.
LaTeX Font Info:    Checking defaults for U/cmr/m/n on input line 4.
LaTeX Font Info:    ... okay on input line 4.
LaTeX Font Info:    External font `cmex10' loaded for size
(Font)              <10.95> on input line 17.
LaTeX Font Info:    External font `cmex10' loaded for size
(Font)              <8> on input line 17.
LaTeX Font Info:    External font `cmex10' loaded for size
(Font)              <6> on input line 17.
 [1

] (./latex_raw.aux) ) 
Here is how much of TeX's memory you used:
 537 strings out of 478995
 9060 string characters out of 5858210
 299904 words of memory out of 5000000
 18085 multiletter control sequences out of 15000+600000
 408634 words of font info for 44 fonts, out of 8000000 for 9000
 1141 hyphenation exceptions out of 8191
 44i,9n,50p,153b,262s stack positions out of 5000i,500n,10000p,200000b,80000s

Output written on latex_raw.dvi (1 page, 3420 bytes).
